0 info it worked if it ends with ok
1 verbose cli [ 'C:\\Program Files\\nodejs\\node.exe',
1 verbose cli   'C:\\Program Files\\nodejs\\node_modules\\npm\\bin\\npm-cli.js',
1 verbose cli   'run',
1 verbose cli   'server' ]
2 info using npm@4.1.2
3 info using node@v6.9.4
4 verbose run-script [ 'preserver', 'server', 'postserver' ]
5 info lifecycle angular2-webpack-seed@1.0.0~preserver: angular2-webpack-seed@1.0.0
6 silly lifecycle angular2-webpack-seed@1.0.0~preserver: no script for preserver, continuing
7 info lifecycle angular2-webpack-seed@1.0.0~server: angular2-webpack-seed@1.0.0
8 verbose lifecycle angular2-webpack-seed@1.0.0~server: unsafe-perm in lifecycle true
9 verbose lifecycle angular2-webpack-seed@1.0.0~server: PATH: C:\Program Files\nodejs\node_modules\npm\bin\node-gyp-bin;D:\Coding\all-use-js\angualr-2-webpack-seed\node_modules\.bin;C:\Program Files\nodejs\node_modules\npm\bin\node-gyp-bin;D:\Coding\all-use-js\angualr-2-webpack-seed\node_modules\.bin;C:\WINDOWS\system32;C:\WINDOWS;C:\WINDOWS\System32\Wbem;C:\WINDOWS\System32\WindowsPowerShell\v1.0\;D:\Programs\Development\Java\jdk1.8.0_111\bin;C:\Program Files\Git\cmd;C:\Program Files\nodejs\;C:\Program Files (x86)\LinkChecker\;D:\Programs\Development\phantomjs-2.1.1-windows\bin;C:\Program Files (x86)\NVIDIA Corporation\PhysX\Common;C:\Program Files\Microsoft SQL Server\130\Tools\Binn\;C:\Program Files\dotnet\;C:\WINDOWS\system32;C:\WINDOWS;C:\WINDOWS\System32\Wbem;C:\WINDOWS\System32\WindowsPowerShell\v1.0\;D:\Programs\Development\tools;C:\Users\Yun\AppData\Local\Programs\Python\Python36\Scripts\;C:\Users\Yun\AppData\Local\Programs\Python\Python36\;C:\Users\Yun\AppData\Local\Microsoft\WindowsApps;C:\Users\Yun\AppData\Roaming\npm;C:\Users\Yun\AppData\Local\atom\bin;C:\Users\Yun\AppData\Local\Microsoft\WindowsApps;
10 verbose lifecycle angular2-webpack-seed@1.0.0~server: CWD: D:\Coding\all-use-js\angualr-2-webpack-seed
11 silly lifecycle angular2-webpack-seed@1.0.0~server: Args: [ '/d /s /c',
11 silly lifecycle   'webpack-dev-server --progress  --content-base src' ]
12 silly lifecycle angular2-webpack-seed@1.0.0~server: Returned: code: 1  signal: null
13 info lifecycle angular2-webpack-seed@1.0.0~server: Failed to exec server script
14 verbose stack Error: angular2-webpack-seed@1.0.0 server: `webpack-dev-server --progress  --content-base src`
14 verbose stack Exit status 1
14 verbose stack     at EventEmitter.<anonymous> (C:\Program Files\nodejs\node_modules\npm\lib\utils\lifecycle.js:279:16)
14 verbose stack     at emitTwo (events.js:106:13)
14 verbose stack     at EventEmitter.emit (events.js:191:7)
14 verbose stack     at ChildProcess.<anonymous> (C:\Program Files\nodejs\node_modules\npm\lib\utils\spawn.js:40:14)
14 verbose stack     at emitTwo (events.js:106:13)
14 verbose stack     at ChildProcess.emit (events.js:191:7)
14 verbose stack     at maybeClose (internal/child_process.js:877:16)
14 verbose stack     at Process.ChildProcess._handle.onexit (internal/child_process.js:226:5)
15 verbose pkgid angular2-webpack-seed@1.0.0
16 verbose cwd D:\Coding\all-use-js\angualr-2-webpack-seed
17 error Windows_NT 10.0.15042
18 error argv "C:\\Program Files\\nodejs\\node.exe" "C:\\Program Files\\nodejs\\node_modules\\npm\\bin\\npm-cli.js" "run" "server"
19 error node v6.9.4
20 error npm  v4.1.2
21 error code ELIFECYCLE
22 error angular2-webpack-seed@1.0.0 server: `webpack-dev-server --progress  --content-base src`
22 error Exit status 1
23 error Failed at the angular2-webpack-seed@1.0.0 server script 'webpack-dev-server --progress  --content-base src'.
23 error Make sure you have the latest version of node.js and npm installed.
23 error If you do, this is most likely a problem with the angular2-webpack-seed package,
23 error not with npm itself.
23 error Tell the author that this fails on your system:
23 error     webpack-dev-server --progress  --content-base src
23 error You can get information on how to open an issue for this project with:
23 error     npm bugs angular2-webpack-seed
23 error Or if that isn't available, you can get their info via:
23 error     npm owner ls angular2-webpack-seed
23 error There is likely additional logging output above.
24 verbose exit [ 1, true ]
